<?xml version="1.0" encoding="UTF-8"?>
<!-- Generated by org.testng.reporters.JUnitXMLReporter -->
<testsuite hostname="Chinnuboss" ignored="1" name="Default test(failed)" tests="2" failures="0" timestamp="2021-09-11T19:37:32 IST" time="36.315" errors="0">
  <testcase name="creatNewLeadByValidAnnualRevenueTest" time="11.671" classname="com.rockzent.awinbv.leadtest.CreateNewLeadTest"/>
  <testcase name="createNewLeadByAssignToTest" time="10.7" classname="com.rockzent.awinbv.leadtest.CreateNewLeadTest"/>
  <testcase name="creatNewLeadByInvalidAnnualRevenueTest" time="0.0" classname="com.rockzent.awinbv.leadtest.CreateNewLeadTest">
    <ignored/>
  </testcase> <!-- creatNewLeadByInvalidAnnualRevenueTest -->
</testsuite> <!-- Default test(failed) -->
