<?xml version="1.0" encoding="UTF-8"?>
<!-- Generated by org.testng.reporters.JUnitXMLReporter -->
<testsuite hostname="Chinnuboss" ignored="2" name="Test" tests="1" failures="0" timestamp="2021-09-17T14:34:58 IST" time="13.738" errors="0">
  <testcase name="creatNewLeadByInvalidAnnualRevenueTest" time="6.183" classname="com.awinbv.rockzent.leadtest.CreateNewLeadTest"/>
  <testcase name="createNewLeadByAssignToTest" time="0.0" classname="com.awinbv.rockzent.leadtest.CreateNewLeadTest">
    <ignored/>
  </testcase> <!-- createNewLeadByAssignToTest -->
  <testcase name="creatNewLeadByValidAnnualRevenueTest" time="0.0" classname="com.awinbv.rockzent.leadtest.CreateNewLeadTest">
    <ignored/>
  </testcase> <!-- creatNewLeadByValidAnnualRevenueTest -->
</testsuite> <!-- Test -->
