<?xml version="1.0" encoding="UTF-8"?>
<!-- Generated by org.testng.reporters.JUnitXMLReporter -->
<testsuite hostname="Chinnuboss" ignored="0" name="Default test" tests="3" failures="0" timestamp="2021-09-11T21:40:50 IST" time="71.44" errors="0">
  <testcase name="creatNewLeadByInvalidAnnualRevenueTest" time="17.757" classname="com.rockzent.awinbv.leadtest.CreateNewLeadTest"/>
  <testcase name="creatNewLeadByValidAnnualRevenueTest" time="14.067" classname="com.rockzent.awinbv.leadtest.CreateNewLeadTest"/>
  <testcase name="createNewLeadByAssignToTest" time="10.706" classname="com.rockzent.awinbv.leadtest.CreateNewLeadTest"/>
</testsuite> <!-- Default test -->
