<?xml version="1.0" encoding="UTF-8"?>
<!-- Generated by org.testng.reporters.JUnitXMLReporter -->
<testsuite hostname="LAPTOP-3CBL729E" ignored="2" name="Test" tests="6" failures="0" timestamp="2022-06-21T15:29:52 IST" time="70.862" errors="0">
  <testcase name="convertLeadBySelectingAllCheckboxTest" time="12.694" classname="com.awinbv.rockzent.leadtest.ConvertLeadTest"/>
  <testcase name="convertLeadBySelectingOnlyOpportunityCheckboxTest" time="10.673" classname="com.awinbv.rockzent.leadtest.ConvertLeadTest"/>
  <testcase name="convertLeadBySelectingOnlyOrgCheckboxTest" time="10.173" classname="com.awinbv.rockzent.leadtest.ConvertLeadTest"/>
  <testcase name="creatNewLeadByInvalidAnnualRevenueTest" time="3.869" classname="com.awinbv.rockzent.leadtest.CreateNewLeadTest"/>
  <testcase name="creatNewLeadByValidAnnualRevenueTest" time="5.091" classname="com.awinbv.rockzent.leadtest.CreateNewLeadTest"/>
  <testcase name="createNewLeadByAssignToTest" time="6.568" classname="com.awinbv.rockzent.leadtest.CreateNewLeadTest"/>
  <testcase name="@AfterSuite configAS" time="0.0" classname="com.awinbv.rockzent.generalUtility.BaseClass">
    <ignored/>
  </testcase> <!-- @AfterSuite configAS -->
  <testcase name="@BeforeSuite configBS" time="0.0" classname="com.awinbv.rockzent.generalUtility.BaseClass">
    <ignored/>
  </testcase> <!-- @BeforeSuite configBS -->
</testsuite> <!-- Test -->
