<?xml version="1.0" encoding="UTF-8"?>
<!-- Generated by org.testng.reporters.JUnitXMLReporter -->
<testsuite hostname="Chinnuboss" ignored="2" name="Command line test" tests="9" failures="0" timestamp="2021-09-11T19:43:25 IST" time="312.539" errors="0">
  <testcase name="convertLeadBySelectingAllCheckboxTest" time="50.119" classname="com.rockzent.awinbv.leadtest.ConvertLeadTest"/>
  <testcase name="convertLeadBySelectingOnlyOpportunityCheckboxTest" time="28.421" classname="com.rockzent.awinbv.leadtest.ConvertLeadTest">
    <skipped/>
  </testcase> <!-- convertLeadBySelectingOnlyOpportunityCheckboxTest -->
  <testcase name="convertLeadBySelectingOnlyOpportunityCheckboxTest" time="24.988" classname="com.rockzent.awinbv.leadtest.ConvertLeadTest">
    <skipped/>
  </testcase> <!-- convertLeadBySelectingOnlyOpportunityCheckboxTest -->
  <testcase name="convertLeadBySelectingOnlyOpportunityCheckboxTest" time="43.802" classname="com.rockzent.awinbv.leadtest.ConvertLeadTest"/>
  <testcase name="convertLeadBySelectingOnlyOrgCheckboxTest" time="25.883" classname="com.rockzent.awinbv.leadtest.ConvertLeadTest">
    <skipped/>
  </testcase> <!-- convertLeadBySelectingOnlyOrgCheckboxTest -->
  <testcase name="convertLeadBySelectingOnlyOrgCheckboxTest" time="40.08" classname="com.rockzent.awinbv.leadtest.ConvertLeadTest"/>
  <testcase name="creatNewLeadByInvalidAnnualRevenueTest" time="8.981" classname="com.rockzent.awinbv.leadtest.CreateNewLeadTest"/>
  <testcase name="creatNewLeadByValidAnnualRevenueTest" time="12.609" classname="com.rockzent.awinbv.leadtest.CreateNewLeadTest"/>
  <testcase name="createNewLeadByAssignToTest" time="12.325" classname="com.rockzent.awinbv.leadtest.CreateNewLeadTest"/>
  <testcase name="@AfterSuite configAS" time="0.0" classname="com.rockzent.awinbv.generalUtility.BaseClass">
    <ignored/>
  </testcase> <!-- @AfterSuite configAS -->
  <testcase name="@BeforeSuite configBS" time="0.0" classname="com.rockzent.awinbv.generalUtility.BaseClass">
    <ignored/>
  </testcase> <!-- @BeforeSuite configBS -->
</testsuite> <!-- Command line test -->
