<?xml version="1.0" encoding="UTF-8" ?>
<testsuite tests="9" failures="0" name="TestSuite" time="247.213" errors="0" skipped="3">
  <properties>
[...]
</properties>
  <testcase classname="com.rockzent.awinbv.leadtest.ConvertLeadTest" name="convertLeadBySelectingAllCheckboxTest" time="50.118"/>
  <testcase classname="com.rockzent.awinbv.leadtest.ConvertLeadTest" name="convertLeadBySelectingOnlyOpportunityCheckboxTest" time="28.421">
    <skipped/>
  </testcase>
  <testcase classname="com.rockzent.awinbv.leadtest.ConvertLeadTest" name="convertLeadBySelectingOnlyOpportunityCheckboxTest" time="24.988">
    <skipped/>
  </testcase>
  <testcase classname="com.rockzent.awinbv.leadtest.ConvertLeadTest" name="convertLeadBySelectingOnlyOpportunityCheckboxTest" time="43.802"/>
  <testcase classname="com.rockzent.awinbv.leadtest.ConvertLeadTest" name="convertLeadBySelectingOnlyOrgCheckboxTest" time="25.885">
    <skipped/>
  </testcase>
  <testcase classname="com.rockzent.awinbv.leadtest.ConvertLeadTest" name="convertLeadBySelectingOnlyOrgCheckboxTest" time="40.082"/>
  <testcase classname="com.rockzent.awinbv.leadtest.CreateNewLeadTest" name="creatNewLeadByInvalidAnnualRevenueTest" time="8.984"/>
  <testcase classname="com.rockzent.awinbv.leadtest.CreateNewLeadTest" name="creatNewLeadByValidAnnualRevenueTest" time="12.609"/>
  <testcase classname="com.rockzent.awinbv.leadtest.CreateNewLeadTest" name="createNewLeadByAssignToTest" time="12.324"/>
</testsuite>