<?xml version="1.0" encoding="UTF-8" ?>
<testsuite tests="8" failures="1" name="TestSuite" time="154.572" errors="0" skipped="2">
  <properties>
[...]
</properties>
  <testcase classname="com.rockzent.awinbv.leadtest.ConvertLeadTest" name="convertLeadBySelectingAllCheckboxTest" time="38.079"/>
  <testcase classname="com.rockzent.awinbv.leadtest.ConvertLeadTest" name="convertLeadBySelectingOnlyOpportunityCheckboxTest" time="32.954"/>
  <testcase classname="com.rockzent.awinbv.leadtest.ConvertLeadTest" name="convertLeadBySelectingOnlyOrgCheckboxTest" time="33.394"/>
  <testcase classname="com.rockzent.awinbv.leadtest.CreateNewLeadTest" name="creatNewLeadByInvalidAnnualRevenueTest" time="9.997">
    <skipped/>
    <system-err>Starting ChromeDriver 92.0.4515.107 (87a818b10553a07434ea9e2b6dccf3cbe7895134-refs/branch-heads/4515@{#1634}) on port 23480
Only local connections are allowed.
Please see https://chromedriver.chromium.org/security-considerations for suggestions on keeping ChromeDriver safe.
ChromeDriver was started successfully.
[1631253200.090][WARNING]: This version of ChromeDriver has not been tested with Chrome version 93.
Sep 10, 2021 11:23:20 AM org.openqa.selenium.remote.ProtocolHandshake createSession
INFO: Detected dialect: W3C
</system-err>
  </testcase>
  <testcase classname="com.rockzent.awinbv.leadtest.CreateNewLeadTest" name="creatNewLeadByInvalidAnnualRevenueTest" time="9.77">
    <skipped/>
  </testcase>
  <testcase classname="com.rockzent.awinbv.leadtest.CreateNewLeadTest" name="creatNewLeadByInvalidAnnualRevenueTest" time="10.079">
    <failure message="expected [true] but found [false]" type="java.lang.AssertionError">java.lang.AssertionError: expected [true] but found [false]
	at org.testng.Assert.fail(Assert.java:99)
	at org.testng.Assert.failNotEquals(Assert.java:1037)
	at org.testng.Assert.assertTrue(Assert.java:45)
	at org.testng.Assert.assertTrue(Assert.java:55)
	at com.rockzent.awinbv.leadtest.CreateNewLeadTest.creatNewLeadByInvalidAnnualRevenueTest(CreateNewLeadTest.java:151)
</failure>
  </testcase>
  <testcase classname="com.rockzent.awinbv.leadtest.CreateNewLeadTest" name="creatNewLeadByValidAnnualRevenueTest" time="10.169"/>
  <testcase classname="com.rockzent.awinbv.leadtest.CreateNewLeadTest" name="createNewLeadByAssignToTest" time="10.13"/>
</testsuite>