<?xml version="1.0" encoding="UTF-8"?>
<!-- Generated by org.testng.reporters.JUnitXMLReporter -->
<testsuite hostname="Chinnuboss" ignored="0" name="Test" tests="3" failures="0" timestamp="2021-09-17T14:34:44 IST" time="79.377" errors="0">
  <testcase name="creatNewLeadByInvalidAnnualRevenueTest" time="17.358" classname="com.awinbv.rockzent.leadtest.CreateNewLeadTest"/>
  <testcase name="creatNewLeadByValidAnnualRevenueTest" time="13.316" classname="com.awinbv.rockzent.leadtest.CreateNewLeadTest"/>
  <testcase name="createNewLeadByAssignToTest" time="9.048" classname="com.awinbv.rockzent.leadtest.CreateNewLeadTest"/>
</testsuite> <!-- Test -->
