<?xml version="1.0" encoding="UTF-8"?>
<testng-results skipped="0" failed="0" ignored="0" total="3" passed="3">
  <reporter-output>
    <line>
      <![CDATA[PASS: Login page is displayed]]>
    </line>
    <line>
      <![CDATA[PASS: Home page is displayed]]>
    </line>
    <line>
      <![CDATA[PASS: CreateNewLead page is displayed]]>
    </line>
    <line>
      <![CDATA[PASS: "Invalid Annual Revenue" error message is displayed and Lead is not created]]>
    </line>
    <line>
      <![CDATA[PASS: Login page is displayed]]>
    </line>
    <line>
      <![CDATA[PASS: Home page is displayed]]>
    </line>
    <line>
      <![CDATA[PASS: CreateNewLead page is displayed]]>
    </line>
    <line>
      <![CDATA[PASS: New Lead is created]]>
    </line>
    <line>
      <![CDATA[PASS: Unique LeadNo is generated]]>
    </line>
    <line>
      <![CDATA[PASS: Login page is displayed]]>
    </line>
    <line>
      <![CDATA[PASS: Home page is displayed]]>
    </line>
    <line>
      <![CDATA[PASS: CreateNewLead page is displayed]]>
    </line>
    <line>
      <![CDATA[PASS: Expected options are present in Group dropdown]]>
    </line>
    <line>
      <![CDATA[PASS: Expected options are present in User dropdown]]>
    </line>
    <line>
      <![CDATA[PASS: New Lead is created]]>
    </line>
    <line>
      <![CDATA[PASS: Unique LeadNo is generated]]>
    </line>
  </reporter-output>
  <suite name="Default suite" duration-ms="71440" started-at="2021-09-11T21:39:38 IST" finished-at="2021-09-11T21:40:50 IST">
    <groups>
      <group name="regressionTest">
        <method signature="CreateNewLeadTest.creatNewLeadByInvalidAnnualRevenueTest()[pri:0, instance:com.rockzent.awinbv.leadtest.CreateNewLeadTest@50d0686]" name="creatNewLeadByInvalidAnnualRevenueTest" class="com.rockzent.awinbv.leadtest.CreateNewLeadTest"/>
        <method signature="CreateNewLeadTest.creatNewLeadByValidAnnualRevenueTest()[pri:0, instance:com.rockzent.awinbv.leadtest.CreateNewLeadTest@50d0686]" name="creatNewLeadByValidAnnualRevenueTest" class="com.rockzent.awinbv.leadtest.CreateNewLeadTest"/>
        <method signature="CreateNewLeadTest.createNewLeadByAssignToTest()[pri:0, instance:com.rockzent.awinbv.leadtest.CreateNewLeadTest@50d0686]" name="createNewLeadByAssignToTest" class="com.rockzent.awinbv.leadtest.CreateNewLeadTest"/>
      </group> <!-- regressionTest -->
      <group name="smokeTest">
        <method signature="CreateNewLeadTest.createNewLeadByAssignToTest()[pri:0, instance:com.rockzent.awinbv.leadtest.CreateNewLeadTest@50d0686]" name="createNewLeadByAssignToTest" class="com.rockzent.awinbv.leadtest.CreateNewLeadTest"/>
      </group> <!-- smokeTest -->
    </groups>
    <test name="Default test" duration-ms="71440" started-at="2021-09-11T21:39:38 IST" finished-at="2021-09-11T21:40:50 IST">
      <class name="com.rockzent.awinbv.leadtest.CreateNewLeadTest">
        <test-method status="PASS" signature="configBS()[pri:0, instance:com.rockzent.awinbv.leadtest.CreateNewLeadTest@50d0686]" name="configBS" is-config="true" duration-ms="10" started-at="2021-09-11T21:39:38 IST" finished-at="2021-09-11T21:39:38 IST">
          <reporter-output>
          </reporter-output>
        </test-method> <!-- configBS -->
        <test-method status="PASS" signature="configBC()[pri:0, instance:com.rockzent.awinbv.leadtest.CreateNewLeadTest@50d0686]" name="configBC" is-config="true" duration-ms="10351" started-at="2021-09-11T21:39:38 IST" finished-at="2021-09-11T21:39:49 IST">
          <reporter-output>
          </reporter-output>
        </test-method> <!-- configBC -->
        <test-method status="PASS" signature="configBM()[pri:0, instance:com.rockzent.awinbv.leadtest.CreateNewLeadTest@50d0686]" name="configBM" is-config="true" duration-ms="7471" started-at="2021-09-11T21:39:49 IST" finished-at="2021-09-11T21:39:56 IST">
          <reporter-output>
            <line>
              <![CDATA[PASS: Login page is displayed]]>
            </line>
          </reporter-output>
        </test-method> <!-- configBM -->
        <test-method status="PASS" signature="creatNewLeadByInvalidAnnualRevenueTest()[pri:0, instance:com.rockzent.awinbv.leadtest.CreateNewLeadTest@50d0686]" name="creatNewLeadByInvalidAnnualRevenueTest" duration-ms="17757" started-at="2021-09-11T21:39:56 IST" finished-at="2021-09-11T21:40:14 IST">
          <reporter-output>
            <line>
              <![CDATA[PASS: Home page is displayed]]>
            </line>
            <line>
              <![CDATA[PASS: CreateNewLead page is displayed]]>
            </line>
            <line>
              <![CDATA[PASS: "Invalid Annual Revenue" error message is displayed and Lead is not created]]>
            </line>
          </reporter-output>
        </test-method> <!-- creatNewLeadByInvalidAnnualRevenueTest -->
        <test-method status="PASS" signature="configAM()[pri:0, instance:com.rockzent.awinbv.leadtest.CreateNewLeadTest@50d0686]" name="configAM" is-config="true" duration-ms="2317" started-at="2021-09-11T21:40:14 IST" finished-at="2021-09-11T21:40:16 IST">
          <reporter-output>
          </reporter-output>
        </test-method> <!-- configAM -->
        <test-method status="PASS" signature="configBM()[pri:0, instance:com.rockzent.awinbv.leadtest.CreateNewLeadTest@50d0686]" name="configBM" is-config="true" duration-ms="2560" started-at="2021-09-11T21:40:16 IST" finished-at="2021-09-11T21:40:19 IST">
          <reporter-output>
            <line>
              <![CDATA[PASS: Login page is displayed]]>
            </line>
          </reporter-output>
        </test-method> <!-- configBM -->
        <test-method status="PASS" signature="creatNewLeadByValidAnnualRevenueTest()[pri:0, instance:com.rockzent.awinbv.leadtest.CreateNewLeadTest@50d0686]" name="creatNewLeadByValidAnnualRevenueTest" duration-ms="14067" started-at="2021-09-11T21:40:19 IST" finished-at="2021-09-11T21:40:33 IST">
          <reporter-output>
            <line>
              <![CDATA[PASS: Home page is displayed]]>
            </line>
            <line>
              <![CDATA[PASS: CreateNewLead page is displayed]]>
            </line>
            <line>
              <![CDATA[PASS: New Lead is created]]>
            </line>
            <line>
              <![CDATA[PASS: Unique LeadNo is generated]]>
            </line>
          </reporter-output>
        </test-method> <!-- creatNewLeadByValidAnnualRevenueTest -->
        <test-method status="PASS" signature="configAM()[pri:0, instance:com.rockzent.awinbv.leadtest.CreateNewLeadTest@50d0686]" name="configAM" is-config="true" duration-ms="1363" started-at="2021-09-11T21:40:33 IST" finished-at="2021-09-11T21:40:34 IST">
          <reporter-output>
          </reporter-output>
        </test-method> <!-- configAM -->
        <test-method status="PASS" signature="configBM()[pri:0, instance:com.rockzent.awinbv.leadtest.CreateNewLeadTest@50d0686]" name="configBM" is-config="true" duration-ms="2378" started-at="2021-09-11T21:40:34 IST" finished-at="2021-09-11T21:40:37 IST">
          <reporter-output>
            <line>
              <![CDATA[PASS: Login page is displayed]]>
            </line>
          </reporter-output>
        </test-method> <!-- configBM -->
        <test-method status="PASS" signature="createNewLeadByAssignToTest()[pri:0, instance:com.rockzent.awinbv.leadtest.CreateNewLeadTest@50d0686]" name="createNewLeadByAssignToTest" duration-ms="10706" started-at="2021-09-11T21:40:37 IST" finished-at="2021-09-11T21:40:47 IST">
          <reporter-output>
            <line>
              <![CDATA[PASS: Home page is displayed]]>
            </line>
            <line>
              <![CDATA[PASS: CreateNewLead page is displayed]]>
            </line>
            <line>
              <![CDATA[PASS: Expected options are present in Group dropdown]]>
            </line>
            <line>
              <![CDATA[PASS: Expected options are present in User dropdown]]>
            </line>
            <line>
              <![CDATA[PASS: New Lead is created]]>
            </line>
            <line>
              <![CDATA[PASS: Unique LeadNo is generated]]>
            </line>
          </reporter-output>
        </test-method> <!-- createNewLeadByAssignToTest -->
        <test-method status="PASS" signature="configAM()[pri:0, instance:com.rockzent.awinbv.leadtest.CreateNewLeadTest@50d0686]" name="configAM" is-config="true" duration-ms="1426" started-at="2021-09-11T21:40:47 IST" finished-at="2021-09-11T21:40:49 IST">
          <reporter-output>
          </reporter-output>
        </test-method> <!-- configAM -->
        <test-method status="PASS" signature="configAC()[pri:0, instance:com.rockzent.awinbv.leadtest.CreateNewLeadTest@50d0686]" name="configAC" is-config="true" duration-ms="852" started-at="2021-09-11T21:40:49 IST" finished-at="2021-09-11T21:40:50 IST">
          <reporter-output>
          </reporter-output>
        </test-method> <!-- configAC -->
        <test-method status="PASS" signature="configAS()[pri:0, instance:com.rockzent.awinbv.leadtest.CreateNewLeadTest@50d0686]" name="configAS" is-config="true" duration-ms="0" started-at="2021-09-11T21:40:50 IST" finished-at="2021-09-11T21:40:50 IST">
          <reporter-output>
          </reporter-output>
        </test-method> <!-- configAS -->
      </class> <!-- com.rockzent.awinbv.leadtest.CreateNewLeadTest -->
    </test> <!-- Default test -->
  </suite> <!-- Default suite -->
</testng-results>
