<?xml version="1.0" encoding="UTF-8"?>
<testng-results ignored="0" total="1" passed="1" failed="0" skipped="0">
  <reporter-output>
  </reporter-output>
  <suite started-at="2022-06-27T16:12:06 IST" name="Default suite" finished-at="2022-06-27T16:12:15 IST" duration-ms="8902">
    <groups>
    </groups>
    <test started-at="2022-06-27T16:12:06 IST" name="Default test" finished-at="2022-06-27T16:12:15 IST" duration-ms="8902">
      <class name="com.awinbv.rockzent.leadtest.ObjectTest">
        <test-method signature="objectTest()[pri:0, instance:com.awinbv.rockzent.leadtest.ObjectTest@6bedbc4d]" started-at="2022-06-27T16:12:06 IST" name="objectTest" finished-at="2022-06-27T16:12:15 IST" duration-ms="8876" status="PASS">
          <reporter-output>
          </reporter-output>
        </test-method> <!-- objectTest -->
      </class> <!-- com.awinbv.rockzent.leadtest.ObjectTest -->
    </test> <!-- Default test -->
  </suite> <!-- Default suite -->
</testng-results>
